<?xml version="1.0" encoding="UTF-8"?>
<!-- Generated by org.testng.reporters.JUnitReportReporter -->
<testsuite hostname="ADMIN" failures="0" tests="6" name="TestNG_Day2.Annotation" time="0.025" errors="0" timestamp="2024-04-01T11:03:30 IST" skipped="0">
  <testcase classname="TestNG_Day2.Annotation" name="AdvancedSearch" time="0.004"/>
  <system-out/>
  <testcase classname="TestNG_Day2.Annotation" name="AdvancedSearch" time="0.001"/>
  <system-out/>
  <testcase classname="TestNG_Day2.Annotation" name="AdvancedSearch" time="0.006"/>
  <system-out/>
  <testcase classname="TestNG_Day2.Annotation" name="Search" time="0.004"/>
  <system-out/>
  <testcase classname="TestNG_Day2.Annotation" name="Search" time="0.003"/>
  <system-out/>
  <testcase classname="TestNG_Day2.Annotation" name="Search" time="0.007"/>
  <system-out/>
</testsuite> <!-- TestNG_Day2.Annotation -->
