<?xml version="1.0" encoding="UTF-8"?>
<!-- Generated by org.testng.reporters.JUnitReportReporter -->
<testsuite hostname="ADMIN" failures="0" tests="3" name="TestNG_Day1.ThirdTest" time="10.723" errors="0" timestamp="2024-03-29T11:53:48 IST" skipped="0">
  <testcase classname="TestNG_Day1.ThirdTest" name="OpenApp" time="8.459"/>
  <system-out/>
  <testcase classname="TestNG_Day1.ThirdTest" name="Login" time="2.260"/>
  <system-out/>
  <testcase classname="TestNG_Day1.ThirdTest" name="CloseApp" time="0.004"/>
  <system-out/>
</testsuite> <!-- TestNG_Day1.ThirdTest -->
