<?xml version="1.0" encoding="UTF-8"?>
<!-- Generated by org.testng.reporters.JUnitReportReporter -->
<testsuite hostname="ADMIN" failures="0" tests="5" name="TestNG_Day4.InvocationCount_Demo" time="0.025" errors="0" timestamp="2024-04-03T10:53:37 IST" skipped="0">
  <testcase classname="TestNG_Day4.InvocationCount_Demo" name="test" time="0.012"/>
  <system-out/>
  <testcase classname="TestNG_Day4.InvocationCount_Demo" name="test" time="0.001"/>
  <system-out/>
  <testcase classname="TestNG_Day4.InvocationCount_Demo" name="test" time="0.003"/>
  <system-out/>
  <testcase classname="TestNG_Day4.InvocationCount_Demo" name="test" time="0.008"/>
  <system-out/>
  <testcase classname="TestNG_Day4.InvocationCount_Demo" name="test" time="0.001"/>
  <system-out/>
</testsuite> <!-- TestNG_Day4.InvocationCount_Demo -->
