<?xml version="1.0" encoding="UTF-8"?>
<!-- Generated by org.testng.reporters.JUnitReportReporter -->
<testsuite hostname="ADMIN" failures="0" tests="3" name="TestNG_Day1.FirstTest" time="0.039" errors="0" timestamp="2024-03-29T12:17:10 IST" skipped="0">
  <testcase classname="TestNG_Day1.FirstTest" name="test3" time="0.002"/>
  <system-out/>
  <testcase classname="TestNG_Day1.FirstTest" name="test2" time="0.008"/>
  <system-out/>
  <testcase classname="TestNG_Day1.FirstTest" name="test1" time="0.029"/>
  <system-out/>
</testsuite> <!-- TestNG_Day1.FirstTest -->
