<?xml version="1.0" encoding="UTF-8"?>
<!-- Generated by org.testng.reporters.JUnitReportReporter -->
<testsuite hostname="ADMIN" failures="0" tests="3" name="TestNG_Day1.ThirdTest" time="7.021" errors="0" timestamp="2024-04-08T12:27:44 IST" skipped="0">
  <testcase classname="TestNG_Day1.ThirdTest" name="OpenApp" time="5.878"/>
  <system-out/>
  <testcase classname="TestNG_Day1.ThirdTest" name="Login" time="1.142"/>
  <system-out/>
  <testcase classname="TestNG_Day1.ThirdTest" name="CloseApp" time="0.001"/>
  <system-out/>
</testsuite> <!-- TestNG_Day1.ThirdTest -->
