<?xml version="1.0" encoding="UTF-8"?>
<!-- Generated by org.testng.reporters.JUnitReportReporter -->
<testsuite hostname="ADMIN" failures="0" tests="2" name="Day18.Annotation" time="0.010" errors="0" timestamp="2024-04-01T10:41:43 IST" skipped="0">
  <testcase classname="Day18.Annotation" name="AdvancedSearch" time="0.008"/>
  <system-out/>
  <testcase classname="Day18.Annotation" name="Search" time="0.002"/>
  <system-out/>
</testsuite> <!-- Day18.Annotation -->
