<?xml version="1.0" encoding="UTF-8"?>
<!-- Generated by org.testng.reporters.JUnitReportReporter -->
<testsuite hostname="ADMIN" failures="0" tests="4" name="TestNG_Day4.ParamTest" time="0.202" errors="0" timestamp="2024-04-03T12:22:57 IST" skipped="0">
  <testcase classname="TestNG_Day4.ParamTest" name="testHomepageTitle" time="0.019"/>
  <system-out/>
  <testcase classname="TestNG_Day4.ParamTest" name="testHomepageTitle" time="0.032"/>
  <system-out/>
  <testcase classname="TestNG_Day4.ParamTest" name="testLogo" time="0.060"/>
  <system-out/>
  <testcase classname="TestNG_Day4.ParamTest" name="testLogo" time="0.091"/>
  <system-out/>
</testsuite> <!-- TestNG_Day4.ParamTest -->
