<?xml version="1.0" encoding="UTF-8"?>
<!-- Generated by org.testng.reporters.JUnitReportReporter -->
<testsuite hostname="ADMIN" failures="0" tests="1" name="TestNG_Day2.Annotation2" time="0.014" errors="0" timestamp="2024-04-01T11:18:21 IST" skipped="0">
  <testcase classname="TestNG_Day2.Annotation2" name="ReadBook" time="0.014"/>
  <system-out/>
</testsuite> <!-- TestNG_Day2.Annotation2 -->
