<?xml version="1.0" encoding="UTF-8"?>
<!-- Generated by org.testng.reporters.JUnitReportReporter -->
<testsuite hostname="ADMIN" failures="0" tests="3" name="TestNG_Day1.SecondTest" time="0.004" errors="0" timestamp="2024-03-29T11:53:48 IST" skipped="0">
  <testcase classname="TestNG_Day1.SecondTest" name="login" time="0.001"/>
  <system-out/>
  <testcase classname="TestNG_Day1.SecondTest" name="search" time="0.001"/>
  <system-out/>
  <testcase classname="TestNG_Day1.SecondTest" name="logout" time="0.002"/>
  <system-out/>
</testsuite> <!-- TestNG_Day1.SecondTest -->
