<?xml version="1.0" encoding="UTF-8"?>
<!-- Generated by org.testng.reporters.JUnitReportReporter -->
<testsuite hostname="ADMIN" failures="0" tests="7" name="TestNG_Day3.Grouping" time="0.037" errors="0" timestamp="2024-04-02T11:38:06 IST" skipped="0">
  <testcase classname="TestNG_Day3.Grouping" name="paymentinrupees" time="0.016"/>
  <system-out/>
  <testcase classname="TestNG_Day3.Grouping" name="loginByEmail" time="0.004"/>
  <system-out/>
  <testcase classname="TestNG_Day3.Grouping" name="loginByfacebook" time="0.001"/>
  <system-out/>
  <testcase classname="TestNG_Day3.Grouping" name="loginBytwitter" time="0.002"/>
  <system-out/>
  <testcase classname="TestNG_Day3.Grouping" name="paymentindollar" time="0.007"/>
  <system-out/>
  <testcase classname="TestNG_Day3.Grouping" name="signupbyemail" time="0.002"/>
  <system-out/>
  <testcase classname="TestNG_Day3.Grouping" name="signupbytwitter" time="0.005"/>
  <system-out/>
</testsuite> <!-- TestNG_Day3.Grouping -->
